2024-05-03 15:38:54,339 - utils.logger - INFO - Checking if collection exists
2024-05-03 15:38:54,352 - utils.logger - INFO - Checking if collection exists
2024-05-03 15:38:54,357 - utils.logger - INFO - Getting knowledge base
2024-05-03 15:38:54,361 - utils.logger - INFO - Collection api exists: True
2024-05-03 15:38:54,709 - utils.logger - INFO - Returning knowledge base
2024-05-03 15:38:54,714 - utils.logger - INFO - Getting stored cars
2024-05-03 15:38:55,075 - utils.logger - INFO - [TEXT] Time taken for querying collection: 0.3463475704193115 seconds
2024-05-03 15:38:55,078 - utils.logger - INFO - Stored cars: {'Ford': {'Ka': ['2018']}, 'Volkswagen': {'Polo': ['2023'], 'Gol': ['2022'], 'Taos': ['2023']}, 'Fiat': {'Fastback': ['2023']}}
2024-05-03 15:39:58,758 - utils.logger - INFO - Checking if collection exists
2024-05-03 15:39:58,771 - utils.logger - INFO - Checking if collection exists
2024-05-03 15:39:58,779 - utils.logger - INFO - Getting knowledge base
2024-05-03 15:39:58,782 - utils.logger - INFO - Collection api exists: True
2024-05-03 15:39:58,812 - utils.logger - INFO - Returning knowledge base
2024-05-03 15:39:58,818 - utils.logger - INFO - Getting stored cars
2024-05-03 15:39:59,051 - utils.logger - INFO - [TEXT] Time taken for querying collection: 0.21952414512634277 seconds
2024-05-03 15:39:59,054 - utils.logger - INFO - Stored cars: {'Ford': {'Ka': ['2018']}, 'Volkswagen': {'Polo': ['2023'], 'Gol': ['2022'], 'Taos': ['2023']}, 'Fiat': {'Fastback': ['2023']}}
2024-05-03 15:40:03,899 - utils.logger - INFO - Checking if collection exists
2024-05-03 15:40:03,914 - utils.logger - INFO - Checking if collection exists
2024-05-03 15:40:03,921 - utils.logger - INFO - Getting knowledge base
2024-05-03 15:40:03,924 - utils.logger - INFO - Collection api exists: True
2024-05-03 15:40:03,951 - utils.logger - INFO - Returning knowledge base
2024-05-03 15:40:03,957 - utils.logger - INFO - Getting stored cars
2024-05-03 15:40:04,206 - utils.logger - INFO - [TEXT] Time taken for querying collection: 0.23258066177368164 seconds
2024-05-03 15:40:04,209 - utils.logger - INFO - Stored cars: {'Ford': {'Ka': ['2018']}, 'Volkswagen': {'Polo': ['2023'], 'Gol': ['2022'], 'Taos': ['2023']}, 'Fiat': {'Fastback': ['2023']}}
2024-05-03 15:40:06,565 - utils.logger - INFO - Checking if collection exists
2024-05-03 15:40:06,586 - utils.logger - INFO - Checking if collection exists
2024-05-03 15:40:06,598 - utils.logger - INFO - Getting knowledge base
2024-05-03 15:40:06,601 - utils.logger - INFO - Collection api exists: True
2024-05-03 15:40:06,642 - utils.logger - INFO - Returning knowledge base
2024-05-03 15:40:06,651 - utils.logger - INFO - Getting stored cars
2024-05-03 15:40:06,921 - utils.logger - INFO - [TEXT] Time taken for querying collection: 0.25630807876586914 seconds
2024-05-03 15:40:06,925 - utils.logger - INFO - Stored cars: {'Ford': {'Ka': ['2018']}, 'Volkswagen': {'Polo': ['2023'], 'Gol': ['2022'], 'Taos': ['2023']}, 'Fiat': {'Fastback': ['2023']}}
2024-05-03 15:40:09,070 - utils.logger - INFO - Checking if collection exists
2024-05-03 15:40:09,081 - utils.logger - INFO - Checking if collection exists
2024-05-03 15:40:09,089 - utils.logger - INFO - Getting knowledge base
2024-05-03 15:40:09,091 - utils.logger - INFO - Collection api exists: True
2024-05-03 15:40:09,121 - utils.logger - INFO - Returning knowledge base
2024-05-03 15:40:09,128 - utils.logger - INFO - Getting stored cars
2024-05-03 15:40:09,362 - utils.logger - INFO - [TEXT] Time taken for querying collection: 0.22348642349243164 seconds
2024-05-03 15:40:09,365 - utils.logger - INFO - Stored cars: {'Ford': {'Ka': ['2018']}, 'Volkswagen': {'Polo': ['2023'], 'Gol': ['2022'], 'Taos': ['2023']}, 'Fiat': {'Fastback': ['2023']}}
2024-05-03 15:40:23,399 - utils.logger - INFO - Checking if collection exists
2024-05-03 15:40:23,415 - utils.logger - INFO - Checking if collection exists
2024-05-03 15:40:23,423 - utils.logger - INFO - Getting knowledge base
2024-05-03 15:40:23,427 - utils.logger - INFO - Collection api exists: True
2024-05-03 15:40:23,464 - utils.logger - INFO - Returning knowledge base
2024-05-03 15:40:23,469 - utils.logger - INFO - Getting stored cars
2024-05-03 15:40:23,704 - utils.logger - INFO - [TEXT] Time taken for querying collection: 0.2235715389251709 seconds
2024-05-03 15:40:23,708 - utils.logger - INFO - Stored cars: {'Ford': {'Ka': ['2018']}, 'Volkswagen': {'Polo': ['2023'], 'Gol': ['2022'], 'Taos': ['2023']}, 'Fiat': {'Fastback': ['2023']}}
2024-05-03 15:40:23,722 - utils.logger - INFO - Answering question
2024-05-03 15:40:23,724 - utils.logger - INFO - Getting knowledge base
2024-05-03 15:40:23,754 - utils.logger - INFO - Performing similarity search
2024-05-03 15:40:27,625 - utils.logger - INFO - [TEXT] Time taken for similarity search: 3.870530605316162 seconds
2024-05-03 15:40:27,629 - utils.logger - INFO - Running the chain
2024-05-03 15:40:39,364 - utils.logger - INFO - Tokens Used: 1872
	Prompt Tokens: 1738
	Completion Tokens: 134
Successful Requests: 1
Total Cost (USD): $0.06018
2024-05-03 15:40:39,364 - utils.logger - INFO - [TEXT] Time taken for running the chain: 11.734948635101318 seconds
2024-05-03 15:40:39,365 - utils.logger - INFO - Response content: O Ford Assistance é um programa criado para oferecer mais tranquilidade aos proprietários de veículos Ford. Ele fornece assistência total aos clientes caso o veículo necessite de assistência 24 horas, em situações de imobilização do veículo (ou seja, quando o veículo não pode ser utilizado), inclusive em caso de acidentes. Entre as facilidades estão: guincho, reparo no local, serviço de hospedagem, táxi, devolução do veículo reparado (caso seja necessário), chaveiro, serviço de combustível, telefones úteis, além de carro reserva.
2024-05-03 15:41:19,346 - utils.logger - INFO - Checking if collection exists
2024-05-03 15:41:19,361 - utils.logger - INFO - Checking if collection exists
2024-05-03 15:41:19,368 - utils.logger - INFO - Getting knowledge base
2024-05-03 15:41:19,372 - utils.logger - INFO - Collection api exists: True
2024-05-03 15:41:19,400 - utils.logger - INFO - Returning knowledge base
2024-05-03 15:41:19,406 - utils.logger - INFO - Getting stored cars
2024-05-03 15:41:19,737 - utils.logger - INFO - [TEXT] Time taken for querying collection: 0.318727970123291 seconds
2024-05-03 15:41:19,740 - utils.logger - INFO - Stored cars: {'Ford': {'Ka': ['2018']}, 'Volkswagen': {'Polo': ['2023'], 'Gol': ['2022'], 'Taos': ['2023']}, 'Fiat': {'Fastback': ['2023']}}
2024-05-03 15:41:19,754 - utils.logger - INFO - Answering question
2024-05-03 15:41:19,755 - utils.logger - INFO - Getting knowledge base
2024-05-03 15:41:19,778 - utils.logger - INFO - Performing similarity search
2024-05-03 15:41:20,065 - utils.logger - INFO - [TEXT] Time taken for similarity search: 0.28650403022766113 seconds
2024-05-03 15:41:20,068 - utils.logger - INFO - Running the chain
2024-05-03 15:41:35,451 - utils.logger - INFO - Tokens Used: 2033
	Prompt Tokens: 1779
	Completion Tokens: 254
Successful Requests: 1
Total Cost (USD): $0.06860999999999999
2024-05-03 15:41:35,452 - utils.logger - INFO - [TEXT] Time taken for running the chain: 15.383883953094482 seconds
2024-05-03 15:41:35,452 - utils.logger - INFO - Response content: O sistema de câmera de ré mostrará o que está atrás do veículo quando você deslocar a transmissão para a posição marcha à ré (R). Durante a operação, linhas são exibidas na tela representando a trajetória do veículo e a proximidade em relação aos objetos atrás. Quando nota um objeto, o sistema de detecção em marcha à ré exibe destaques em vermelho, amarelo e verde na parte superior da imagem. 

Você pode ajustar as configurações da câmera usando o menu de configurações do veículo na tela de informações. Para ligar e desligar os auxílios avançados de estacionamento, selecione a opção de configurações na barra de recursos, selecione Veículo, depois selecione Configurações da câmera e ligue e desligue os auxílios avançados de estacionamento.

Nota: O sistema de detecção de marcha à ré não é eficaz em velocidades acima de 8 km/h e pode não detectar determinados objetos angulares ou em movimento.
2024-05-03 15:42:19,013 - utils.logger - INFO - Checking if collection exists
2024-05-03 15:42:19,025 - utils.logger - INFO - Checking if collection exists
2024-05-03 15:42:19,032 - utils.logger - INFO - Getting knowledge base
2024-05-03 15:42:19,035 - utils.logger - INFO - Collection api exists: True
2024-05-03 15:42:19,060 - utils.logger - INFO - Returning knowledge base
2024-05-03 15:42:19,068 - utils.logger - INFO - Getting stored cars
2024-05-03 15:42:19,303 - utils.logger - INFO - [TEXT] Time taken for querying collection: 0.22346973419189453 seconds
2024-05-03 15:42:19,306 - utils.logger - INFO - Stored cars: {'Ford': {'Ka': ['2018']}, 'Volkswagen': {'Polo': ['2023'], 'Gol': ['2022'], 'Taos': ['2023']}, 'Fiat': {'Fastback': ['2023']}}
2024-05-03 15:42:19,328 - utils.logger - INFO - Answering question
2024-05-03 15:42:19,329 - utils.logger - INFO - Getting knowledge base
2024-05-03 15:42:19,351 - utils.logger - INFO - Performing similarity search
2024-05-03 15:42:19,645 - utils.logger - INFO - [TEXT] Time taken for similarity search: 0.2937912940979004 seconds
2024-05-03 15:42:19,649 - utils.logger - INFO - Running the chain
2024-05-03 15:42:28,861 - utils.logger - INFO - Tokens Used: 1874
	Prompt Tokens: 1705
	Completion Tokens: 169
Successful Requests: 1
Total Cost (USD): $0.06129
2024-05-03 15:42:28,861 - utils.logger - INFO - [TEXT] Time taken for running the chain: 9.212005853652954 seconds
2024-05-03 15:42:28,861 - utils.logger - INFO - Response content: Para desabilitar a função antiesmagamento, você deve seguir os seguintes passos:

1. Feche a janela duas vezes até ela alcançar o ponto de resistência em um curto período e a deixe retroceder.
2. Feche a janela uma terceira vez até o ponto de resistência. Isso desativa a função antiesmagamento e você pode fechar o vidro manualmente.

Porém, tenha cuidado ao fechar a janela para evitar ferimentos ou danos ao veículo. Além disso, a função antiesmagamento será desativada até você redefinir a função. Se o vidro não fechar após a realização desse procedimento, entre em contato com uma Concessionária Ford assim que possível.
2024-05-03 15:42:50,384 - utils.logger - INFO - Checking if collection exists
2024-05-03 15:42:50,397 - utils.logger - INFO - Checking if collection exists
2024-05-03 15:42:50,404 - utils.logger - INFO - Getting knowledge base
2024-05-03 15:42:50,407 - utils.logger - INFO - Collection api exists: True
2024-05-03 15:42:50,430 - utils.logger - INFO - Returning knowledge base
2024-05-03 15:42:50,436 - utils.logger - INFO - Getting stored cars
2024-05-03 15:42:50,665 - utils.logger - INFO - [TEXT] Time taken for querying collection: 0.21869325637817383 seconds
2024-05-03 15:42:50,669 - utils.logger - INFO - Stored cars: {'Ford': {'Ka': ['2018']}, 'Volkswagen': {'Polo': ['2023'], 'Gol': ['2022'], 'Taos': ['2023']}, 'Fiat': {'Fastback': ['2023']}}
2024-05-03 15:42:50,690 - utils.logger - INFO - Answering question
2024-05-03 15:42:50,692 - utils.logger - INFO - Getting knowledge base
2024-05-03 15:42:50,718 - utils.logger - INFO - Performing similarity search
2024-05-03 15:42:51,027 - utils.logger - INFO - [TEXT] Time taken for similarity search: 0.30907678604125977 seconds
2024-05-03 15:42:51,030 - utils.logger - INFO - Running the chain
2024-05-03 15:42:55,619 - utils.logger - INFO - Tokens Used: 1868
	Prompt Tokens: 1799
	Completion Tokens: 69
Successful Requests: 1
Total Cost (USD): $0.058109999999999995
2024-05-03 15:42:55,619 - utils.logger - INFO - [TEXT] Time taken for running the chain: 4.588997840881348 seconds
2024-05-03 15:42:55,619 - utils.logger - INFO - Response content: Para definir a velocidade do piloto automático, siga os seguintes passos:

1. Acelere até a velocidade desejada.
2. Pressione e libere SET+.
3. Tire o pé do pedal do acelerador.

O indicador será exibido no painel de instrumentos.
2024-05-03 15:43:11,094 - utils.logger - INFO - Checking if collection exists
2024-05-03 15:43:11,106 - utils.logger - INFO - Checking if collection exists
2024-05-03 15:43:11,117 - utils.logger - INFO - Getting knowledge base
2024-05-03 15:43:11,119 - utils.logger - INFO - Collection api exists: True
2024-05-03 15:43:11,148 - utils.logger - INFO - Returning knowledge base
2024-05-03 15:43:11,158 - utils.logger - INFO - Getting stored cars
2024-05-03 15:43:11,385 - utils.logger - INFO - [TEXT] Time taken for querying collection: 0.21135783195495605 seconds
2024-05-03 15:43:11,388 - utils.logger - INFO - Stored cars: {'Ford': {'Ka': ['2018']}, 'Volkswagen': {'Polo': ['2023'], 'Gol': ['2022'], 'Taos': ['2023']}, 'Fiat': {'Fastback': ['2023']}}
2024-05-03 15:43:11,410 - utils.logger - INFO - Answering question
2024-05-03 15:43:11,411 - utils.logger - INFO - Getting knowledge base
2024-05-03 15:43:11,440 - utils.logger - INFO - Performing similarity search
2024-05-03 15:43:11,814 - utils.logger - INFO - [TEXT] Time taken for similarity search: 0.3737049102783203 seconds
2024-05-03 15:43:11,817 - utils.logger - INFO - Running the chain
2024-05-03 15:43:18,769 - utils.logger - INFO - Tokens Used: 1875
	Prompt Tokens: 1827
	Completion Tokens: 48
Successful Requests: 1
Total Cost (USD): $0.05769
2024-05-03 15:43:18,769 - utils.logger - INFO - [TEXT] Time taken for running the chain: 6.952619791030884 seconds
2024-05-03 15:43:18,769 - utils.logger - INFO - Response content: O tacômetro indica a velocidade de giro do motor em rotações por minuto. A condução com o ponteiro do tacômetro continuamente acima do limite de velocidade pode danificar o motor.
2024-05-03 15:44:00,995 - utils.logger - INFO - Checking if collection exists
2024-05-03 15:44:01,011 - utils.logger - INFO - Checking if collection exists
2024-05-03 15:44:01,021 - utils.logger - INFO - Getting knowledge base
2024-05-03 15:44:01,023 - utils.logger - INFO - Collection api exists: True
2024-05-03 15:44:01,050 - utils.logger - INFO - Returning knowledge base
2024-05-03 15:44:01,057 - utils.logger - INFO - Getting stored cars
2024-05-03 15:44:01,297 - utils.logger - INFO - [TEXT] Time taken for querying collection: 0.22693824768066406 seconds
2024-05-03 15:44:01,301 - utils.logger - INFO - Stored cars: {'Ford': {'Ka': ['2018']}, 'Volkswagen': {'Polo': ['2023'], 'Gol': ['2022'], 'Taos': ['2023']}, 'Fiat': {'Fastback': ['2023']}}
2024-05-03 15:44:06,981 - utils.logger - INFO - Checking if collection exists
2024-05-03 15:44:06,994 - utils.logger - INFO - Checking if collection exists
2024-05-03 15:44:07,001 - utils.logger - INFO - Getting knowledge base
2024-05-03 15:44:07,004 - utils.logger - INFO - Collection api exists: True
2024-05-03 15:44:07,027 - utils.logger - INFO - Returning knowledge base
2024-05-03 15:44:07,033 - utils.logger - INFO - Getting stored cars
2024-05-03 15:44:07,267 - utils.logger - INFO - [TEXT] Time taken for querying collection: 0.22208929061889648 seconds
2024-05-03 15:44:07,271 - utils.logger - INFO - Stored cars: {'Ford': {'Ka': ['2018']}, 'Volkswagen': {'Polo': ['2023'], 'Gol': ['2022'], 'Taos': ['2023']}, 'Fiat': {'Fastback': ['2023']}}
2024-05-03 15:44:11,250 - utils.logger - INFO - Checking if collection exists
2024-05-03 15:44:11,262 - utils.logger - INFO - Checking if collection exists
2024-05-03 15:44:11,271 - utils.logger - INFO - Getting knowledge base
2024-05-03 15:44:11,274 - utils.logger - INFO - Collection api exists: True
2024-05-03 15:44:11,293 - utils.logger - INFO - Returning knowledge base
2024-05-03 15:44:11,300 - utils.logger - INFO - Getting stored cars
2024-05-03 15:44:11,529 - utils.logger - INFO - [TEXT] Time taken for querying collection: 0.21882867813110352 seconds
2024-05-03 15:44:11,533 - utils.logger - INFO - Stored cars: {'Ford': {'Ka': ['2018']}, 'Volkswagen': {'Polo': ['2023'], 'Gol': ['2022'], 'Taos': ['2023']}, 'Fiat': {'Fastback': ['2023']}}
2024-05-03 15:44:13,348 - utils.logger - INFO - Checking if collection exists
2024-05-03 15:44:13,364 - utils.logger - INFO - Checking if collection exists
2024-05-03 15:44:13,371 - utils.logger - INFO - Getting knowledge base
2024-05-03 15:44:13,374 - utils.logger - INFO - Collection api exists: True
2024-05-03 15:44:13,399 - utils.logger - INFO - Returning knowledge base
2024-05-03 15:44:13,406 - utils.logger - INFO - Getting stored cars
2024-05-03 15:44:13,640 - utils.logger - INFO - [TEXT] Time taken for querying collection: 0.22557759284973145 seconds
2024-05-03 15:44:13,644 - utils.logger - INFO - Stored cars: {'Ford': {'Ka': ['2018']}, 'Volkswagen': {'Polo': ['2023'], 'Gol': ['2022'], 'Taos': ['2023']}, 'Fiat': {'Fastback': ['2023']}}
2024-05-03 15:44:27,330 - utils.logger - INFO - Checking if collection exists
2024-05-03 15:44:27,341 - utils.logger - INFO - Checking if collection exists
2024-05-03 15:44:27,349 - utils.logger - INFO - Getting knowledge base
2024-05-03 15:44:27,351 - utils.logger - INFO - Collection api exists: True
2024-05-03 15:44:27,376 - utils.logger - INFO - Returning knowledge base
2024-05-03 15:44:27,385 - utils.logger - INFO - Getting stored cars
2024-05-03 15:44:27,602 - utils.logger - INFO - [TEXT] Time taken for querying collection: 0.20759844779968262 seconds
2024-05-03 15:44:27,605 - utils.logger - INFO - Stored cars: {'Ford': {'Ka': ['2018']}, 'Volkswagen': {'Polo': ['2023'], 'Gol': ['2022'], 'Taos': ['2023']}, 'Fiat': {'Fastback': ['2023']}}
2024-05-03 15:44:27,624 - utils.logger - INFO - Answering question
2024-05-03 15:44:27,625 - utils.logger - INFO - Getting knowledge base
2024-05-03 15:44:27,652 - utils.logger - INFO - Performing similarity search
2024-05-03 15:44:27,900 - utils.logger - INFO - [TEXT] Time taken for similarity search: 0.2474982738494873 seconds
2024-05-03 15:44:27,902 - utils.logger - INFO - Running the chain
2024-05-03 15:44:29,797 - utils.logger - INFO - Tokens Used: 1545
	Prompt Tokens: 1525
	Completion Tokens: 20
Successful Requests: 1
Total Cost (USD): $0.04695
2024-05-03 15:44:29,797 - utils.logger - INFO - [TEXT] Time taken for running the chain: 1.8946049213409424 seconds
2024-05-03 15:44:29,797 - utils.logger - INFO - Response content: Sim, o veículo dispõe de um ACC (Controle Automático de Distância).
2024-05-03 15:44:45,768 - utils.logger - INFO - Checking if collection exists
2024-05-03 15:44:45,788 - utils.logger - INFO - Checking if collection exists
2024-05-03 15:44:45,795 - utils.logger - INFO - Getting knowledge base
2024-05-03 15:44:45,797 - utils.logger - INFO - Collection api exists: True
2024-05-03 15:44:45,818 - utils.logger - INFO - Returning knowledge base
2024-05-03 15:44:45,824 - utils.logger - INFO - Getting stored cars
2024-05-03 15:44:46,045 - utils.logger - INFO - [TEXT] Time taken for querying collection: 0.21094346046447754 seconds
2024-05-03 15:44:46,049 - utils.logger - INFO - Stored cars: {'Ford': {'Ka': ['2018']}, 'Volkswagen': {'Polo': ['2023'], 'Gol': ['2022'], 'Taos': ['2023']}, 'Fiat': {'Fastback': ['2023']}}
2024-05-03 15:44:46,078 - utils.logger - INFO - Answering question
2024-05-03 15:44:46,080 - utils.logger - INFO - Getting knowledge base
2024-05-03 15:44:46,112 - utils.logger - INFO - Performing similarity search
2024-05-03 15:44:46,366 - utils.logger - INFO - [TEXT] Time taken for similarity search: 0.25368380546569824 seconds
2024-05-03 15:44:46,368 - utils.logger - INFO - Running the chain
2024-05-03 15:44:52,035 - utils.logger - INFO - Tokens Used: 1530
	Prompt Tokens: 1452
	Completion Tokens: 78
Successful Requests: 1
Total Cost (USD): $0.04823999999999999
2024-05-03 15:44:52,035 - utils.logger - INFO - [TEXT] Time taken for running the chain: 5.667073965072632 seconds
2024-05-03 15:44:52,035 - utils.logger - INFO - Response content: No caso de uma intervenção de frenagem automática, se um obstáculo for detectado, o veículo desacelera até parar e é mantido parado por cerca de 2 segundos. Depois disso, é recomendado que o condutor pare o veículo com o pedal de freio após a frenagem e verifique os arredores.
2024-05-03 15:45:18,847 - utils.logger - INFO - Checking if collection exists
2024-05-03 15:45:18,862 - utils.logger - INFO - Checking if collection exists
2024-05-03 15:45:18,870 - utils.logger - INFO - Getting knowledge base
2024-05-03 15:45:18,872 - utils.logger - INFO - Collection api exists: True
2024-05-03 15:45:18,894 - utils.logger - INFO - Returning knowledge base
2024-05-03 15:45:18,900 - utils.logger - INFO - Getting stored cars
2024-05-03 15:45:19,136 - utils.logger - INFO - [TEXT] Time taken for querying collection: 0.2254335880279541 seconds
2024-05-03 15:45:19,139 - utils.logger - INFO - Stored cars: {'Ford': {'Ka': ['2018']}, 'Volkswagen': {'Polo': ['2023'], 'Gol': ['2022'], 'Taos': ['2023']}, 'Fiat': {'Fastback': ['2023']}}
2024-05-03 15:45:19,162 - utils.logger - INFO - Answering question
2024-05-03 15:45:19,164 - utils.logger - INFO - Getting knowledge base
2024-05-03 15:45:19,190 - utils.logger - INFO - Performing similarity search
2024-05-03 15:45:19,469 - utils.logger - INFO - [TEXT] Time taken for similarity search: 0.2785220146179199 seconds
2024-05-03 15:45:19,471 - utils.logger - INFO - Running the chain
2024-05-03 15:45:25,781 - utils.logger - INFO - Tokens Used: 1647
	Prompt Tokens: 1550
	Completion Tokens: 97
Successful Requests: 1
Total Cost (USD): $0.05232
2024-05-03 15:45:25,782 - utils.logger - INFO - [TEXT] Time taken for running the chain: 6.310578107833862 seconds
2024-05-03 15:45:25,782 - utils.logger - INFO - Response content: O óleo recomendado para o motor depende do tipo de motor. Para motores a gasolina, a norma é VW 504 00 e ACEA C3 ou API SP, com viscosidade 0 W-30. Para motores multicombustível, a norma é VW 502 00 e ACEA A3/B4, com viscosidade 5 W-40. A Volkswagen recomenda o uso de óleo original Volkswagen.
2024-05-03 15:45:43,086 - utils.logger - INFO - Checking if collection exists
2024-05-03 15:45:43,098 - utils.logger - INFO - Checking if collection exists
2024-05-03 15:45:43,104 - utils.logger - INFO - Getting knowledge base
2024-05-03 15:45:43,106 - utils.logger - INFO - Collection api exists: True
2024-05-03 15:45:43,136 - utils.logger - INFO - Returning knowledge base
2024-05-03 15:45:43,143 - utils.logger - INFO - Getting stored cars
2024-05-03 15:45:43,371 - utils.logger - INFO - [TEXT] Time taken for querying collection: 0.21511173248291016 seconds
2024-05-03 15:45:43,374 - utils.logger - INFO - Stored cars: {'Ford': {'Ka': ['2018']}, 'Volkswagen': {'Polo': ['2023'], 'Gol': ['2022'], 'Taos': ['2023']}, 'Fiat': {'Fastback': ['2023']}}
2024-05-03 15:45:43,397 - utils.logger - INFO - Answering question
2024-05-03 15:45:43,399 - utils.logger - INFO - Getting knowledge base
2024-05-03 15:45:43,427 - utils.logger - INFO - Performing similarity search
2024-05-03 15:45:43,736 - utils.logger - INFO - [TEXT] Time taken for similarity search: 0.3084714412689209 seconds
2024-05-03 15:45:43,739 - utils.logger - INFO - Running the chain
2024-05-03 15:45:49,214 - utils.logger - INFO - Tokens Used: 1575
	Prompt Tokens: 1475
	Completion Tokens: 100
Successful Requests: 1
Total Cost (USD): $0.050249999999999996
2024-05-03 15:45:49,396 - utils.logger - INFO - [TEXT] Time taken for running the chain: 5.656859636306763 seconds
2024-05-03 15:45:49,396 - utils.logger - INFO - Response content: A seleção do perfil de condução permite que o condutor ajuste diversas características dos sistemas do veículo à situação atual de condução, ao conforto desejado de condução e a uma forma de condução econômica. Isso pode incluir ajustes no chassi, direção, propulsão e ar-condicionado. Dependendo do perfil de condução selecionado, o comportamento da servoassistência da direção também pode ser influenciado.
2024-05-03 15:46:01,486 - utils.logger - INFO - Checking if collection exists
2024-05-03 15:46:01,502 - utils.logger - INFO - Checking if collection exists
2024-05-03 15:46:01,512 - utils.logger - INFO - Getting knowledge base
2024-05-03 15:46:01,515 - utils.logger - INFO - Collection api exists: True
2024-05-03 15:46:01,539 - utils.logger - INFO - Returning knowledge base
2024-05-03 15:46:01,546 - utils.logger - INFO - Getting stored cars
2024-05-03 15:46:01,779 - utils.logger - INFO - [TEXT] Time taken for querying collection: 0.22167539596557617 seconds
2024-05-03 15:46:01,783 - utils.logger - INFO - Stored cars: {'Ford': {'Ka': ['2018']}, 'Volkswagen': {'Polo': ['2023'], 'Gol': ['2022'], 'Taos': ['2023']}, 'Fiat': {'Fastback': ['2023']}}
2024-05-03 15:46:01,803 - utils.logger - INFO - Answering question
2024-05-03 15:46:01,806 - utils.logger - INFO - Getting knowledge base
2024-05-03 15:46:01,834 - utils.logger - INFO - Performing similarity search
2024-05-03 15:46:02,117 - utils.logger - INFO - [TEXT] Time taken for similarity search: 0.2824399471282959 seconds
2024-05-03 15:46:02,121 - utils.logger - INFO - Running the chain
2024-05-03 15:46:06,583 - utils.logger - INFO - Tokens Used: 1543
	Prompt Tokens: 1475
	Completion Tokens: 68
Successful Requests: 1
Total Cost (USD): $0.04833
2024-05-03 15:46:06,583 - utils.logger - INFO - [TEXT] Time taken for running the chain: 4.4625585079193115 seconds
2024-05-03 15:46:06,583 - utils.logger - INFO - Response content: O controle automático de distância, também conhecido como ACC (Adaptive Cruise Control), é um sistema que mantém constante uma velocidade ajustada pelo condutor. Se o veículo se aproximar de um veículo à frente, o ACC ajustará a velocidade automaticamente para manter a distância ajustada.
2024-05-03 15:46:38,839 - utils.logger - INFO - Checking if collection exists
2024-05-03 15:46:38,854 - utils.logger - INFO - Checking if collection exists
2024-05-03 15:46:38,861 - utils.logger - INFO - Getting knowledge base
2024-05-03 15:46:38,864 - utils.logger - INFO - Collection api exists: True
2024-05-03 15:46:38,887 - utils.logger - INFO - Returning knowledge base
2024-05-03 15:46:38,897 - utils.logger - INFO - Getting stored cars
2024-05-03 15:46:39,124 - utils.logger - INFO - [TEXT] Time taken for querying collection: 0.2173171043395996 seconds
2024-05-03 15:46:39,128 - utils.logger - INFO - Stored cars: {'Ford': {'Ka': ['2018']}, 'Volkswagen': {'Polo': ['2023'], 'Gol': ['2022'], 'Taos': ['2023']}, 'Fiat': {'Fastback': ['2023']}}
2024-05-03 15:46:42,152 - utils.logger - INFO - Checking if collection exists
2024-05-03 15:46:42,164 - utils.logger - INFO - Checking if collection exists
2024-05-03 15:46:42,171 - utils.logger - INFO - Getting knowledge base
2024-05-03 15:46:42,175 - utils.logger - INFO - Collection api exists: True
2024-05-03 15:46:42,200 - utils.logger - INFO - Returning knowledge base
2024-05-03 15:46:42,206 - utils.logger - INFO - Getting stored cars
2024-05-03 15:46:42,436 - utils.logger - INFO - [TEXT] Time taken for querying collection: 0.2182774543762207 seconds
2024-05-03 15:46:42,439 - utils.logger - INFO - Stored cars: {'Ford': {'Ka': ['2018']}, 'Volkswagen': {'Polo': ['2023'], 'Gol': ['2022'], 'Taos': ['2023']}, 'Fiat': {'Fastback': ['2023']}}
2024-05-03 15:46:45,215 - utils.logger - INFO - Checking if collection exists
2024-05-03 15:46:45,227 - utils.logger - INFO - Checking if collection exists
2024-05-03 15:46:45,237 - utils.logger - INFO - Getting knowledge base
2024-05-03 15:46:45,240 - utils.logger - INFO - Collection api exists: True
2024-05-03 15:46:45,272 - utils.logger - INFO - Returning knowledge base
2024-05-03 15:46:45,281 - utils.logger - INFO - Getting stored cars
2024-05-03 15:46:45,506 - utils.logger - INFO - [TEXT] Time taken for querying collection: 0.21405863761901855 seconds
2024-05-03 15:46:45,509 - utils.logger - INFO - Stored cars: {'Ford': {'Ka': ['2018']}, 'Volkswagen': {'Polo': ['2023'], 'Gol': ['2022'], 'Taos': ['2023']}, 'Fiat': {'Fastback': ['2023']}}
2024-05-03 15:46:47,275 - utils.logger - INFO - Checking if collection exists
2024-05-03 15:46:47,292 - utils.logger - INFO - Checking if collection exists
2024-05-03 15:46:47,300 - utils.logger - INFO - Getting knowledge base
2024-05-03 15:46:47,303 - utils.logger - INFO - Collection api exists: True
2024-05-03 15:46:47,326 - utils.logger - INFO - Returning knowledge base
2024-05-03 15:46:47,339 - utils.logger - INFO - Getting stored cars
2024-05-03 15:46:47,562 - utils.logger - INFO - [TEXT] Time taken for querying collection: 0.2098085880279541 seconds
2024-05-03 15:46:47,565 - utils.logger - INFO - Stored cars: {'Ford': {'Ka': ['2018']}, 'Volkswagen': {'Polo': ['2023'], 'Gol': ['2022'], 'Taos': ['2023']}, 'Fiat': {'Fastback': ['2023']}}
2024-05-03 15:46:56,170 - utils.logger - INFO - Checking if collection exists
2024-05-03 15:46:56,181 - utils.logger - INFO - Checking if collection exists
2024-05-03 15:46:56,188 - utils.logger - INFO - Getting knowledge base
2024-05-03 15:46:56,190 - utils.logger - INFO - Collection api exists: True
2024-05-03 15:46:56,212 - utils.logger - INFO - Returning knowledge base
2024-05-03 15:46:56,220 - utils.logger - INFO - Getting stored cars
2024-05-03 15:46:56,445 - utils.logger - INFO - [TEXT] Time taken for querying collection: 0.21514344215393066 seconds
2024-05-03 15:46:56,448 - utils.logger - INFO - Stored cars: {'Ford': {'Ka': ['2018']}, 'Volkswagen': {'Polo': ['2023'], 'Gol': ['2022'], 'Taos': ['2023']}, 'Fiat': {'Fastback': ['2023']}}
2024-05-03 15:46:56,472 - utils.logger - INFO - Answering question
2024-05-03 15:46:56,474 - utils.logger - INFO - Getting knowledge base
2024-05-03 15:46:56,506 - utils.logger - INFO - Performing similarity search
2024-05-03 15:46:56,787 - utils.logger - INFO - [TEXT] Time taken for similarity search: 0.2807188034057617 seconds
2024-05-03 15:46:56,790 - utils.logger - INFO - Running the chain
2024-05-03 15:47:11,378 - utils.logger - INFO - Tokens Used: 1879
	Prompt Tokens: 1570
	Completion Tokens: 309
Successful Requests: 1
Total Cost (USD): $0.06564
2024-05-03 15:47:11,378 - utils.logger - INFO - [TEXT] Time taken for running the chain: 14.58862853050232 seconds
2024-05-03 15:47:11,378 - utils.logger - INFO - Response content: Para usar o sistema de partida remota, você deve seguir os seguintes passos:

1. Certifique-se de que todas as condições necessárias para o funcionamento do sistema de partida remota sejam atendidas. Isso inclui: a alavanca de mudança em P, todas as portas fechadas, luzes de emergência desligadas, capô fechado, freio desativado (pedal de freio não pressionado), bateria em um nível de carga aceitável, sistema não-desabilitado para próxima partida remota, indicador de sistema de alarme do veículo piscando, ignição na posição OFF para Keyless Enter-N-Go ™, e nível de combustível do veículo atende aos requisitos mínimos.

2. Para entrar no modo sistema de partida remota, aperte e solte o botão sistema de partida remota na chave com controle remoto duas vezes brevemente. As portas do veículo serão bloqueadas, as setas efetuam uma dupla sinalização luminosa e três breves sinais acústicos serão emitidos. Em seguida, o motor será acionado e o veículo permanecerá no modo de partida remota por um ciclo de 15 minutos.

Nota: Se uma falha de motor está presente ou se o nível de combustível é baixo, o sistema de partida remota pode não funcionar.
2024-05-03 15:47:48,037 - utils.logger - INFO - Checking if collection exists
2024-05-03 15:47:48,055 - utils.logger - INFO - Checking if collection exists
2024-05-03 15:47:48,063 - utils.logger - INFO - Getting knowledge base
2024-05-03 15:47:48,065 - utils.logger - INFO - Collection api exists: True
2024-05-03 15:47:48,088 - utils.logger - INFO - Returning knowledge base
2024-05-03 15:47:48,096 - utils.logger - INFO - Getting stored cars
2024-05-03 15:47:48,326 - utils.logger - INFO - [TEXT] Time taken for querying collection: 0.2203361988067627 seconds
2024-05-03 15:47:48,330 - utils.logger - INFO - Stored cars: {'Ford': {'Ka': ['2018']}, 'Volkswagen': {'Polo': ['2023'], 'Gol': ['2022'], 'Taos': ['2023']}, 'Fiat': {'Fastback': ['2023']}}
2024-05-03 15:47:48,351 - utils.logger - INFO - Answering question
2024-05-03 15:47:48,353 - utils.logger - INFO - Getting knowledge base
2024-05-03 15:47:48,380 - utils.logger - INFO - Performing similarity search
2024-05-03 15:47:48,638 - utils.logger - INFO - [TEXT] Time taken for similarity search: 0.25827860832214355 seconds
2024-05-03 15:47:48,640 - utils.logger - INFO - Running the chain
2024-05-03 15:47:56,874 - utils.logger - INFO - Tokens Used: 1796
	Prompt Tokens: 1646
	Completion Tokens: 150
Successful Requests: 1
Total Cost (USD): $0.058379999999999994
2024-05-03 15:47:56,874 - utils.logger - INFO - [TEXT] Time taken for running the chain: 8.233882188796997 seconds
2024-05-03 15:47:56,874 - utils.logger - INFO - Response content: O travamento da tampa do porta-malas funciona pressionando o botão na chave eletrônica ou no painel interno do veículo. Se o veículo estiver destrancado, deve-se pressionar o botão de fechamento antes de trancar o porta-malas. Se o carro estiver trancado, o porta-malas será bloqueado automaticamente quando for fechado se nenhuma chave for detectada em seu interior. Além disso, se uma chave for detectada dentro do porta-malas após o fechamento, a tampa do porta-malas será automaticamente aberta e as luzes piscarão duas vezes.
2024-05-03 15:48:18,088 - utils.logger - INFO - Checking if collection exists
2024-05-03 15:48:18,105 - utils.logger - INFO - Checking if collection exists
2024-05-03 15:48:18,112 - utils.logger - INFO - Getting knowledge base
2024-05-03 15:48:18,114 - utils.logger - INFO - Collection api exists: True
2024-05-03 15:48:18,133 - utils.logger - INFO - Returning knowledge base
2024-05-03 15:48:18,138 - utils.logger - INFO - Getting stored cars
2024-05-03 15:48:18,366 - utils.logger - INFO - [TEXT] Time taken for querying collection: 0.2163090705871582 seconds
2024-05-03 15:48:18,370 - utils.logger - INFO - Stored cars: {'Ford': {'Ka': ['2018']}, 'Volkswagen': {'Polo': ['2023'], 'Gol': ['2022'], 'Taos': ['2023']}, 'Fiat': {'Fastback': ['2023']}}
2024-05-03 15:48:18,390 - utils.logger - INFO - Answering question
2024-05-03 15:48:18,391 - utils.logger - INFO - Getting knowledge base
2024-05-03 15:48:18,414 - utils.logger - INFO - Performing similarity search
2024-05-03 15:48:18,711 - utils.logger - INFO - [TEXT] Time taken for similarity search: 0.297382116317749 seconds
2024-05-03 15:48:18,713 - utils.logger - INFO - Running the chain
2024-05-03 15:48:23,585 - utils.logger - INFO - Tokens Used: 1745
	Prompt Tokens: 1662
	Completion Tokens: 83
Successful Requests: 1
Total Cost (USD): $0.05483999999999999
2024-05-03 15:48:23,585 - utils.logger - INFO - [TEXT] Time taken for running the chain: 4.872108459472656 seconds
2024-05-03 15:48:23,586 - utils.logger - INFO - Response content: Antes de ligar o veículo, é necessário regular o banco, os espelhos retrovisores internos e externos e apertar corretamente o cinto de segurança. Para a partida do motor, nunca pressionar o pedal do acelerador. Se for necessário, no display podem visualizar-se mensagens que indicam o procedimento para efetuar a partida.
2024-05-03 15:48:42,283 - utils.logger - INFO - Checking if collection exists
2024-05-03 15:48:42,300 - utils.logger - INFO - Checking if collection exists
2024-05-03 15:48:42,308 - utils.logger - INFO - Getting knowledge base
2024-05-03 15:48:42,311 - utils.logger - INFO - Collection api exists: True
2024-05-03 15:48:42,336 - utils.logger - INFO - Returning knowledge base
2024-05-03 15:48:42,345 - utils.logger - INFO - Getting stored cars
2024-05-03 15:48:42,582 - utils.logger - INFO - [TEXT] Time taken for querying collection: 0.2235262393951416 seconds
2024-05-03 15:48:42,585 - utils.logger - INFO - Stored cars: {'Ford': {'Ka': ['2018']}, 'Volkswagen': {'Polo': ['2023'], 'Gol': ['2022'], 'Taos': ['2023']}, 'Fiat': {'Fastback': ['2023']}}
2024-05-03 15:48:42,604 - utils.logger - INFO - Answering question
2024-05-03 15:48:42,606 - utils.logger - INFO - Getting knowledge base
2024-05-03 15:48:42,631 - utils.logger - INFO - Performing similarity search
2024-05-03 15:48:42,929 - utils.logger - INFO - [TEXT] Time taken for similarity search: 0.29784321784973145 seconds
2024-05-03 15:48:42,933 - utils.logger - INFO - Running the chain
2024-05-03 15:49:13,418 - utils.logger - INFO - Tokens Used: 1674
	Prompt Tokens: 1570
	Completion Tokens: 104
Successful Requests: 1
Total Cost (USD): $0.053340000000000005
2024-05-03 15:49:13,418 - utils.logger - INFO - [TEXT] Time taken for running the chain: 30.485814094543457 seconds
2024-05-03 15:49:13,419 - utils.logger - INFO - Response content: Para desativar o alarme, você deve pressionar o botão na chave. Isso resultará em duas breves luzes dos indicadores de direção e, se disponível, dois breves sinais acústicos. Além disso, as portas serão destravadas. Para versões com chave eletrônica, a desativação do alarme também pode ser feita pelo proprietário da chave segurando um dos puxadores dianteiros.
2024-05-03 15:50:01,898 - utils.logger - INFO - Checking if collection exists
2024-05-03 15:50:01,910 - utils.logger - INFO - Checking if collection exists
2024-05-03 15:50:01,918 - utils.logger - INFO - Getting knowledge base
2024-05-03 15:50:01,922 - utils.logger - INFO - Collection api exists: True
2024-05-03 15:50:01,950 - utils.logger - INFO - Returning knowledge base
2024-05-03 15:50:01,961 - utils.logger - INFO - Getting stored cars
2024-05-03 15:50:02,194 - utils.logger - INFO - [TEXT] Time taken for querying collection: 0.22098517417907715 seconds
2024-05-03 15:50:02,197 - utils.logger - INFO - Stored cars: {'Ford': {'Ka': ['2018']}, 'Volkswagen': {'Polo': ['2023'], 'Gol': ['2022'], 'Taos': ['2023']}, 'Fiat': {'Fastback': ['2023']}}
2024-05-03 15:50:02,221 - utils.logger - INFO - Answering question
2024-05-03 15:50:02,222 - utils.logger - INFO - Getting knowledge base
2024-05-03 15:50:02,249 - utils.logger - INFO - Performing similarity search
2024-05-03 15:50:02,540 - utils.logger - INFO - [TEXT] Time taken for similarity search: 0.29118800163269043 seconds
2024-05-03 15:50:02,542 - utils.logger - INFO - Running the chain
2024-05-03 15:50:16,622 - utils.logger - INFO - Tokens Used: 1802
	Prompt Tokens: 1585
	Completion Tokens: 217
Successful Requests: 1
Total Cost (USD): $0.06056999999999999
2024-05-03 15:50:16,622 - utils.logger - INFO - [TEXT] Time taken for running the chain: 14.079939842224121 seconds
2024-05-03 15:50:16,622 - utils.logger - INFO - Response content: Para repor o banco na posição normal, você deve seguir os seguintes passos:

1. Colocar o encosto do banco na posição vertical, fazendo-o passar pelos cintos de segurança e efetuar um leve esforço no encosto contra as travas até o travamento do banco em sua posição normal antes de movimentar o veículo.
2. Rebater o assento do banco traseiro A, puxando-o para a trás até a sua posição normal de utilização.
3. Se for o caso, remontar os apoia-cabeças que foram retirados.
4. Após repor o banco na posição normal, certificar-se de que o assento não fique sobre os cintos de segurança.

Lembre-se de não movimentar o encosto do banco traseiro com o veículo em movimento e certifique-se do correto travamento do encosto do banco traseiro tentando deslocá-lo para a frente e para trás.
